ARM GAS  C:\Users\scien\AppData\Local\Temp\ccO5pl3a.s 			page 1


   1              		.cpu cortex-m4
   2              		.arch armv7e-m
   3              		.fpu fpv4-sp-d16
   4              		.eabi_attribute 27, 1
   5              		.eabi_attribute 28, 1
   6              		.eabi_attribute 20, 1
   7              		.eabi_attribute 21, 1
   8              		.eabi_attribute 23, 3
   9              		.eabi_attribute 24, 1
  10              		.eabi_attribute 25, 1
  11              		.eabi_attribute 26, 1
  12              		.eabi_attribute 30, 1
  13              		.eabi_attribute 34, 1
  14              		.eabi_attribute 18, 4
  15              		.file	"main.c"
  16              		.text
  17              	.Ltext0:
  18              		.cfi_sections	.debug_frame
  19              		.section	.text.Error_Handler,"ax",%progbits
  20              		.align	1
  21              		.global	Error_Handler
  22              		.syntax unified
  23              		.thumb
  24              		.thumb_func
  26              	Error_Handler:
  27              	.LFB135:
  28              		.file 1 "Src/main.c"
   1:Src/main.c    **** /* USER CODE BEGIN Header */
   2:Src/main.c    **** /**
   3:Src/main.c    ****   ******************************************************************************
   4:Src/main.c    ****   * @file           : main.c
   5:Src/main.c    ****   * @brief          : Main program body
   6:Src/main.c    ****   ******************************************************************************
   7:Src/main.c    ****   * @attention
   8:Src/main.c    ****   *
   9:Src/main.c    ****   * Copyright (c) 2022 STMicroelectronics.
  10:Src/main.c    ****   * All rights reserved.
  11:Src/main.c    ****   *
  12:Src/main.c    ****   * This software is licensed under terms that can be found in the LICENSE file
  13:Src/main.c    ****   * in the root directory of this software component.
  14:Src/main.c    ****   * If no LICENSE file comes with this software, it is provided AS-IS.
  15:Src/main.c    ****   *
  16:Src/main.c    ****   ******************************************************************************
  17:Src/main.c    ****   */
  18:Src/main.c    **** /* USER CODE END Header */
  19:Src/main.c    **** /* Includes ------------------------------------------------------------------*/
  20:Src/main.c    **** #include "main.h"
  21:Src/main.c    **** #include "usart.h"
  22:Src/main.c    **** #include "gpio.h"
  23:Src/main.c    **** 
  24:Src/main.c    **** /* Private includes ----------------------------------------------------------*/
  25:Src/main.c    **** /* USER CODE BEGIN Includes */
  26:Src/main.c    **** #include<stdio.h>
  27:Src/main.c    **** /* USER CODE END Includes */
  28:Src/main.c    **** 
  29:Src/main.c    **** /* Private typedef -----------------------------------------------------------*/
  30:Src/main.c    **** /* USER CODE BEGIN PTD */
ARM GAS  C:\Users\scien\AppData\Local\Temp\ccO5pl3a.s 			page 2


  31:Src/main.c    **** 
  32:Src/main.c    **** /* USER CODE END PTD */
  33:Src/main.c    **** 
  34:Src/main.c    **** /* Private define ------------------------------------------------------------*/
  35:Src/main.c    **** /* USER CODE BEGIN PD */
  36:Src/main.c    **** /* USER CODE END PD */
  37:Src/main.c    **** 
  38:Src/main.c    **** /* Private macro -------------------------------------------------------------*/
  39:Src/main.c    **** /* USER CODE BEGIN PM */
  40:Src/main.c    **** 
  41:Src/main.c    **** /* USER CODE END PM */
  42:Src/main.c    **** 
  43:Src/main.c    **** /* Private variables ---------------------------------------------------------*/
  44:Src/main.c    **** 
  45:Src/main.c    **** /* USER CODE BEGIN PV */
  46:Src/main.c    **** 
  47:Src/main.c    **** /* USER CODE END PV */
  48:Src/main.c    **** 
  49:Src/main.c    **** /* Private function prototypes -----------------------------------------------*/
  50:Src/main.c    **** void SystemClock_Config(void);
  51:Src/main.c    **** /* USER CODE BEGIN PFP */
  52:Src/main.c    **** 
  53:Src/main.c    **** /* USER CODE END PFP */
  54:Src/main.c    **** 
  55:Src/main.c    **** /* Private user code ---------------------------------------------------------*/
  56:Src/main.c    **** /* USER CODE BEGIN 0 */
  57:Src/main.c    **** 
  58:Src/main.c    **** /* USER CODE END 0 */
  59:Src/main.c    **** 
  60:Src/main.c    **** /**
  61:Src/main.c    ****   * @brief  The application entry point.
  62:Src/main.c    ****   * @retval int
  63:Src/main.c    ****   */
  64:Src/main.c    **** int main(void)
  65:Src/main.c    **** {
  66:Src/main.c    ****   /* USER CODE BEGIN 1 */
  67:Src/main.c    **** 
  68:Src/main.c    ****   /* USER CODE END 1 */
  69:Src/main.c    **** 
  70:Src/main.c    ****   /* MCU Configuration--------------------------------------------------------*/
  71:Src/main.c    **** 
  72:Src/main.c    ****   /* Reset of all peripherals, Initializes the Flash interface and the Systick. */
  73:Src/main.c    ****   HAL_Init();
  74:Src/main.c    **** 
  75:Src/main.c    ****   /* USER CODE BEGIN Init */
  76:Src/main.c    **** 
  77:Src/main.c    ****   /* USER CODE END Init */
  78:Src/main.c    **** 
  79:Src/main.c    ****   /* Configure the system clock */
  80:Src/main.c    ****   SystemClock_Config();
  81:Src/main.c    **** 
  82:Src/main.c    ****   /* USER CODE BEGIN SysInit */
  83:Src/main.c    **** 
  84:Src/main.c    ****   /* USER CODE END SysInit */
  85:Src/main.c    **** 
  86:Src/main.c    ****   /* Initialize all configured peripherals */
  87:Src/main.c    ****   MX_GPIO_Init();
ARM GAS  C:\Users\scien\AppData\Local\Temp\ccO5pl3a.s 			page 3


  88:Src/main.c    ****   MX_USART1_UART_Init();
  89:Src/main.c    ****   /* USER CODE BEGIN 2 */
  90:Src/main.c    **** 
  91:Src/main.c    ****   /* USER CODE END 2 */
  92:Src/main.c    **** 
  93:Src/main.c    ****   /* Infinite loop */
  94:Src/main.c    ****   /* USER CODE BEGIN WHILE */
  95:Src/main.c    ****   while (1)
  96:Src/main.c    ****   {
  97:Src/main.c    ****     HAL_Delay(1000);
  98:Src/main.c    ****     printf("test\n");
  99:Src/main.c    ****     /* USER CODE END WHILE */
 100:Src/main.c    **** 
 101:Src/main.c    ****     /* USER CODE BEGIN 3 */
 102:Src/main.c    ****   }
 103:Src/main.c    ****   /* USER CODE END 3 */
 104:Src/main.c    **** }
 105:Src/main.c    **** 
 106:Src/main.c    **** /**
 107:Src/main.c    ****   * @brief System Clock Configuration
 108:Src/main.c    ****   * @retval None
 109:Src/main.c    ****   */
 110:Src/main.c    **** void SystemClock_Config(void)
 111:Src/main.c    **** {
 112:Src/main.c    ****   RCC_OscInitTypeDef RCC_OscInitStruct = {0};
 113:Src/main.c    ****   RCC_ClkInitTypeDef RCC_ClkInitStruct = {0};
 114:Src/main.c    **** 
 115:Src/main.c    ****   /** Configure the main internal regulator output voltage
 116:Src/main.c    ****   */
 117:Src/main.c    ****   __HAL_RCC_PWR_CLK_ENABLE();
 118:Src/main.c    ****   __HAL_PWR_VOLTAGESCALING_CONFIG(PWR_REGULATOR_VOLTAGE_SCALE2);
 119:Src/main.c    **** 
 120:Src/main.c    ****   /** Initializes the RCC Oscillators according to the specified parameters
 121:Src/main.c    ****   * in the RCC_OscInitTypeDef structure.
 122:Src/main.c    ****   */
 123:Src/main.c    ****   RCC_OscInitStruct.OscillatorType = RCC_OSCILLATORTYPE_HSE;
 124:Src/main.c    ****   RCC_OscInitStruct.HSEState = RCC_HSE_ON;
 125:Src/main.c    ****   RCC_OscInitStruct.PLL.PLLState = RCC_PLL_ON;
 126:Src/main.c    ****   RCC_OscInitStruct.PLL.PLLSource = RCC_PLLSOURCE_HSE;
 127:Src/main.c    ****   RCC_OscInitStruct.PLL.PLLM = 25;
 128:Src/main.c    ****   RCC_OscInitStruct.PLL.PLLN = 168;
 129:Src/main.c    ****   RCC_OscInitStruct.PLL.PLLP = RCC_PLLP_DIV2;
 130:Src/main.c    ****   RCC_OscInitStruct.PLL.PLLQ = 4;
 131:Src/main.c    ****   if (HAL_RCC_OscConfig(&RCC_OscInitStruct) != HAL_OK)
 132:Src/main.c    ****   {
 133:Src/main.c    ****     Error_Handler();
 134:Src/main.c    ****   }
 135:Src/main.c    **** 
 136:Src/main.c    ****   /** Initializes the CPU, AHB and APB buses clocks
 137:Src/main.c    ****   */
 138:Src/main.c    ****   RCC_ClkInitStruct.ClockType = RCC_CLOCKTYPE_HCLK|RCC_CLOCKTYPE_SYSCLK
 139:Src/main.c    ****                               |RCC_CLOCKTYPE_PCLK1|RCC_CLOCKTYPE_PCLK2;
 140:Src/main.c    ****   RCC_ClkInitStruct.SYSCLKSource = RCC_SYSCLKSOURCE_PLLCLK;
 141:Src/main.c    ****   RCC_ClkInitStruct.AHBCLKDivider = RCC_SYSCLK_DIV1;
 142:Src/main.c    ****   RCC_ClkInitStruct.APB1CLKDivider = RCC_HCLK_DIV2;
 143:Src/main.c    ****   RCC_ClkInitStruct.APB2CLKDivider = RCC_HCLK_DIV1;
 144:Src/main.c    **** 
ARM GAS  C:\Users\scien\AppData\Local\Temp\ccO5pl3a.s 			page 4


 145:Src/main.c    ****   if (HAL_RCC_ClockConfig(&RCC_ClkInitStruct, FLASH_LATENCY_2) != HAL_OK)
 146:Src/main.c    ****   {
 147:Src/main.c    ****     Error_Handler();
 148:Src/main.c    ****   }
 149:Src/main.c    **** }
 150:Src/main.c    **** 
 151:Src/main.c    **** /* USER CODE BEGIN 4 */
 152:Src/main.c    **** 
 153:Src/main.c    **** /* USER CODE END 4 */
 154:Src/main.c    **** 
 155:Src/main.c    **** /**
 156:Src/main.c    ****   * @brief  This function is executed in case of error occurrence.
 157:Src/main.c    ****   * @retval None
 158:Src/main.c    ****   */
 159:Src/main.c    **** void Error_Handler(void)
 160:Src/main.c    **** {
  29              		.loc 1 160 1 view -0
  30              		.cfi_startproc
  31              		@ Volatile: function does not return.
  32              		@ args = 0, pretend = 0, frame = 0
  33              		@ frame_needed = 0, uses_anonymous_args = 0
  34              		@ link register save eliminated.
 161:Src/main.c    ****   /* USER CODE BEGIN Error_Handler_Debug */
 162:Src/main.c    ****   /* User can add his own implementation to report the HAL error return state */
 163:Src/main.c    ****   __disable_irq();
  35              		.loc 1 163 3 view .LVU1
  36              	.LBB4:
  37              	.LBI4:
  38              		.file 2 "Drivers/CMSIS/Include/cmsis_gcc.h"
   1:Drivers/CMSIS/Include/cmsis_gcc.h **** /**************************************************************************//**
   2:Drivers/CMSIS/Include/cmsis_gcc.h ****  * @file     cmsis_gcc.h
   3:Drivers/CMSIS/Include/cmsis_gcc.h ****  * @brief    CMSIS compiler GCC header file
   4:Drivers/CMSIS/Include/cmsis_gcc.h ****  * @version  V5.0.4
   5:Drivers/CMSIS/Include/cmsis_gcc.h ****  * @date     09. April 2018
   6:Drivers/CMSIS/Include/cmsis_gcc.h ****  ******************************************************************************/
   7:Drivers/CMSIS/Include/cmsis_gcc.h **** /*
   8:Drivers/CMSIS/Include/cmsis_gcc.h ****  * Copyright (c) 2009-2018 Arm Limited. All rights reserved.
   9:Drivers/CMSIS/Include/cmsis_gcc.h ****  *
  10:Drivers/CMSIS/Include/cmsis_gcc.h ****  * SPDX-License-Identifier: Apache-2.0
  11:Drivers/CMSIS/Include/cmsis_gcc.h ****  *
  12:Drivers/CMSIS/Include/cmsis_gcc.h ****  * Licensed under the Apache License, Version 2.0 (the License); you may
  13:Drivers/CMSIS/Include/cmsis_gcc.h ****  * not use this file except in compliance with the License.
  14:Drivers/CMSIS/Include/cmsis_gcc.h ****  * You may obtain a copy of the License at
  15:Drivers/CMSIS/Include/cmsis_gcc.h ****  *
  16:Drivers/CMSIS/Include/cmsis_gcc.h ****  * www.apache.org/licenses/LICENSE-2.0
  17:Drivers/CMSIS/Include/cmsis_gcc.h ****  *
  18:Drivers/CMSIS/Include/cmsis_gcc.h ****  * Unless required by applicable law or agreed to in writing, software
  19:Drivers/CMSIS/Include/cmsis_gcc.h ****  * distributed under the License is distributed on an AS IS BASIS, WITHOUT
  20:Drivers/CMSIS/Include/cmsis_gcc.h ****  * WARRANTIES OR CONDITIONS OF ANY KIND, either express or implied.
  21:Drivers/CMSIS/Include/cmsis_gcc.h ****  * See the License for the specific language governing permissions and
  22:Drivers/CMSIS/Include/cmsis_gcc.h ****  * limitations under the License.
  23:Drivers/CMSIS/Include/cmsis_gcc.h ****  */
  24:Drivers/CMSIS/Include/cmsis_gcc.h **** 
  25:Drivers/CMSIS/Include/cmsis_gcc.h **** #ifndef __CMSIS_GCC_H
  26:Drivers/CMSIS/Include/cmsis_gcc.h **** #define __CMSIS_GCC_H
  27:Drivers/CMSIS/Include/cmsis_gcc.h **** 
  28:Drivers/CMSIS/Include/cmsis_gcc.h **** /* ignore some GCC warnings */
ARM GAS  C:\Users\scien\AppData\Local\Temp\ccO5pl3a.s 			page 5


  29:Drivers/CMSIS/Include/cmsis_gcc.h **** #pragma GCC diagnostic push
  30:Drivers/CMSIS/Include/cmsis_gcc.h **** #pragma GCC diagnostic ignored "-Wsign-conversion"
  31:Drivers/CMSIS/Include/cmsis_gcc.h **** #pragma GCC diagnostic ignored "-Wconversion"
  32:Drivers/CMSIS/Include/cmsis_gcc.h **** #pragma GCC diagnostic ignored "-Wunused-parameter"
  33:Drivers/CMSIS/Include/cmsis_gcc.h **** 
  34:Drivers/CMSIS/Include/cmsis_gcc.h **** /* Fallback for __has_builtin */
  35:Drivers/CMSIS/Include/cmsis_gcc.h **** #ifndef __has_builtin
  36:Drivers/CMSIS/Include/cmsis_gcc.h ****   #define __has_builtin(x) (0)
  37:Drivers/CMSIS/Include/cmsis_gcc.h **** #endif
  38:Drivers/CMSIS/Include/cmsis_gcc.h **** 
  39:Drivers/CMSIS/Include/cmsis_gcc.h **** /* CMSIS compiler specific defines */
  40:Drivers/CMSIS/Include/cmsis_gcc.h **** #ifndef   __ASM
  41:Drivers/CMSIS/Include/cmsis_gcc.h ****   #define __ASM                                  __asm
  42:Drivers/CMSIS/Include/cmsis_gcc.h **** #endif
  43:Drivers/CMSIS/Include/cmsis_gcc.h **** #ifndef   __INLINE
  44:Drivers/CMSIS/Include/cmsis_gcc.h ****   #define __INLINE                               inline
  45:Drivers/CMSIS/Include/cmsis_gcc.h **** #endif
  46:Drivers/CMSIS/Include/cmsis_gcc.h **** #ifndef   __STATIC_INLINE
  47:Drivers/CMSIS/Include/cmsis_gcc.h ****   #define __STATIC_INLINE                        static inline
  48:Drivers/CMSIS/Include/cmsis_gcc.h **** #endif
  49:Drivers/CMSIS/Include/cmsis_gcc.h **** #ifndef   __STATIC_FORCEINLINE                 
  50:Drivers/CMSIS/Include/cmsis_gcc.h ****   #define __STATIC_FORCEINLINE                   __attribute__((always_inline)) static inline
  51:Drivers/CMSIS/Include/cmsis_gcc.h **** #endif                                           
  52:Drivers/CMSIS/Include/cmsis_gcc.h **** #ifndef   __NO_RETURN
  53:Drivers/CMSIS/Include/cmsis_gcc.h ****   #define __NO_RETURN                            __attribute__((__noreturn__))
  54:Drivers/CMSIS/Include/cmsis_gcc.h **** #endif
  55:Drivers/CMSIS/Include/cmsis_gcc.h **** #ifndef   __USED
  56:Drivers/CMSIS/Include/cmsis_gcc.h ****   #define __USED                                 __attribute__((used))
  57:Drivers/CMSIS/Include/cmsis_gcc.h **** #endif
  58:Drivers/CMSIS/Include/cmsis_gcc.h **** #ifndef   __WEAK
  59:Drivers/CMSIS/Include/cmsis_gcc.h ****   #define __WEAK                                 __attribute__((weak))
  60:Drivers/CMSIS/Include/cmsis_gcc.h **** #endif
  61:Drivers/CMSIS/Include/cmsis_gcc.h **** #ifndef   __PACKED
  62:Drivers/CMSIS/Include/cmsis_gcc.h ****   #define __PACKED                               __attribute__((packed, aligned(1)))
  63:Drivers/CMSIS/Include/cmsis_gcc.h **** #endif
  64:Drivers/CMSIS/Include/cmsis_gcc.h **** #ifndef   __PACKED_STRUCT
  65:Drivers/CMSIS/Include/cmsis_gcc.h ****   #define __PACKED_STRUCT                        struct __attribute__((packed, aligned(1)))
  66:Drivers/CMSIS/Include/cmsis_gcc.h **** #endif
  67:Drivers/CMSIS/Include/cmsis_gcc.h **** #ifndef   __PACKED_UNION
  68:Drivers/CMSIS/Include/cmsis_gcc.h ****   #define __PACKED_UNION                         union __attribute__((packed, aligned(1)))
  69:Drivers/CMSIS/Include/cmsis_gcc.h **** #endif
  70:Drivers/CMSIS/Include/cmsis_gcc.h **** #ifndef   __UNALIGNED_UINT32        /* deprecated */
  71:Drivers/CMSIS/Include/cmsis_gcc.h ****   #pragma GCC diagnostic push
  72:Drivers/CMSIS/Include/cmsis_gcc.h ****   #pragma GCC diagnostic ignored "-Wpacked"
  73:Drivers/CMSIS/Include/cmsis_gcc.h ****   #pragma GCC diagnostic ignored "-Wattributes"
  74:Drivers/CMSIS/Include/cmsis_gcc.h ****   struct __attribute__((packed)) T_UINT32 { uint32_t v; };
  75:Drivers/CMSIS/Include/cmsis_gcc.h ****   #pragma GCC diagnostic pop
  76:Drivers/CMSIS/Include/cmsis_gcc.h ****   #define __UNALIGNED_UINT32(x)                  (((struct T_UINT32 *)(x))->v)
  77:Drivers/CMSIS/Include/cmsis_gcc.h **** #endif
  78:Drivers/CMSIS/Include/cmsis_gcc.h **** #ifndef   __UNALIGNED_UINT16_WRITE
  79:Drivers/CMSIS/Include/cmsis_gcc.h ****   #pragma GCC diagnostic push
  80:Drivers/CMSIS/Include/cmsis_gcc.h ****   #pragma GCC diagnostic ignored "-Wpacked"
  81:Drivers/CMSIS/Include/cmsis_gcc.h ****   #pragma GCC diagnostic ignored "-Wattributes"
  82:Drivers/CMSIS/Include/cmsis_gcc.h ****   __PACKED_STRUCT T_UINT16_WRITE { uint16_t v; };
  83:Drivers/CMSIS/Include/cmsis_gcc.h ****   #pragma GCC diagnostic pop
  84:Drivers/CMSIS/Include/cmsis_gcc.h ****   #define __UNALIGNED_UINT16_WRITE(addr, val)    (void)((((struct T_UINT16_WRITE *)(void *)(addr))-
  85:Drivers/CMSIS/Include/cmsis_gcc.h **** #endif
ARM GAS  C:\Users\scien\AppData\Local\Temp\ccO5pl3a.s 			page 6


  86:Drivers/CMSIS/Include/cmsis_gcc.h **** #ifndef   __UNALIGNED_UINT16_READ
  87:Drivers/CMSIS/Include/cmsis_gcc.h ****   #pragma GCC diagnostic push
  88:Drivers/CMSIS/Include/cmsis_gcc.h ****   #pragma GCC diagnostic ignored "-Wpacked"
  89:Drivers/CMSIS/Include/cmsis_gcc.h ****   #pragma GCC diagnostic ignored "-Wattributes"
  90:Drivers/CMSIS/Include/cmsis_gcc.h ****   __PACKED_STRUCT T_UINT16_READ { uint16_t v; };
  91:Drivers/CMSIS/Include/cmsis_gcc.h ****   #pragma GCC diagnostic pop
  92:Drivers/CMSIS/Include/cmsis_gcc.h ****   #define __UNALIGNED_UINT16_READ(addr)          (((const struct T_UINT16_READ *)(const void *)(add
  93:Drivers/CMSIS/Include/cmsis_gcc.h **** #endif
  94:Drivers/CMSIS/Include/cmsis_gcc.h **** #ifndef   __UNALIGNED_UINT32_WRITE
  95:Drivers/CMSIS/Include/cmsis_gcc.h ****   #pragma GCC diagnostic push
  96:Drivers/CMSIS/Include/cmsis_gcc.h ****   #pragma GCC diagnostic ignored "-Wpacked"
  97:Drivers/CMSIS/Include/cmsis_gcc.h ****   #pragma GCC diagnostic ignored "-Wattributes"
  98:Drivers/CMSIS/Include/cmsis_gcc.h ****   __PACKED_STRUCT T_UINT32_WRITE { uint32_t v; };
  99:Drivers/CMSIS/Include/cmsis_gcc.h ****   #pragma GCC diagnostic pop
 100:Drivers/CMSIS/Include/cmsis_gcc.h ****   #define __UNALIGNED_UINT32_WRITE(addr, val)    (void)((((struct T_UINT32_WRITE *)(void *)(addr))-
 101:Drivers/CMSIS/Include/cmsis_gcc.h **** #endif
 102:Drivers/CMSIS/Include/cmsis_gcc.h **** #ifndef   __UNALIGNED_UINT32_READ
 103:Drivers/CMSIS/Include/cmsis_gcc.h ****   #pragma GCC diagnostic push
 104:Drivers/CMSIS/Include/cmsis_gcc.h ****   #pragma GCC diagnostic ignored "-Wpacked"
 105:Drivers/CMSIS/Include/cmsis_gcc.h ****   #pragma GCC diagnostic ignored "-Wattributes"
 106:Drivers/CMSIS/Include/cmsis_gcc.h ****   __PACKED_STRUCT T_UINT32_READ { uint32_t v; };
 107:Drivers/CMSIS/Include/cmsis_gcc.h ****   #pragma GCC diagnostic pop
 108:Drivers/CMSIS/Include/cmsis_gcc.h ****   #define __UNALIGNED_UINT32_READ(addr)          (((const struct T_UINT32_READ *)(const void *)(add
 109:Drivers/CMSIS/Include/cmsis_gcc.h **** #endif
 110:Drivers/CMSIS/Include/cmsis_gcc.h **** #ifndef   __ALIGNED
 111:Drivers/CMSIS/Include/cmsis_gcc.h ****   #define __ALIGNED(x)                           __attribute__((aligned(x)))
 112:Drivers/CMSIS/Include/cmsis_gcc.h **** #endif
 113:Drivers/CMSIS/Include/cmsis_gcc.h **** #ifndef   __RESTRICT
 114:Drivers/CMSIS/Include/cmsis_gcc.h ****   #define __RESTRICT                             __restrict
 115:Drivers/CMSIS/Include/cmsis_gcc.h **** #endif
 116:Drivers/CMSIS/Include/cmsis_gcc.h **** 
 117:Drivers/CMSIS/Include/cmsis_gcc.h **** 
 118:Drivers/CMSIS/Include/cmsis_gcc.h **** /* ###########################  Core Function Access  ########################### */
 119:Drivers/CMSIS/Include/cmsis_gcc.h **** /** \ingroup  CMSIS_Core_FunctionInterface
 120:Drivers/CMSIS/Include/cmsis_gcc.h ****     \defgroup CMSIS_Core_RegAccFunctions CMSIS Core Register Access Functions
 121:Drivers/CMSIS/Include/cmsis_gcc.h ****   @{
 122:Drivers/CMSIS/Include/cmsis_gcc.h ****  */
 123:Drivers/CMSIS/Include/cmsis_gcc.h **** 
 124:Drivers/CMSIS/Include/cmsis_gcc.h **** /**
 125:Drivers/CMSIS/Include/cmsis_gcc.h ****   \brief   Enable IRQ Interrupts
 126:Drivers/CMSIS/Include/cmsis_gcc.h ****   \details Enables IRQ interrupts by clearing the I-bit in the CPSR.
 127:Drivers/CMSIS/Include/cmsis_gcc.h ****            Can only be executed in Privileged modes.
 128:Drivers/CMSIS/Include/cmsis_gcc.h ****  */
 129:Drivers/CMSIS/Include/cmsis_gcc.h **** __STATIC_FORCEINLINE void __enable_irq(void)
 130:Drivers/CMSIS/Include/cmsis_gcc.h **** {
 131:Drivers/CMSIS/Include/cmsis_gcc.h ****   __ASM volatile ("cpsie i" : : : "memory");
 132:Drivers/CMSIS/Include/cmsis_gcc.h **** }
 133:Drivers/CMSIS/Include/cmsis_gcc.h **** 
 134:Drivers/CMSIS/Include/cmsis_gcc.h **** 
 135:Drivers/CMSIS/Include/cmsis_gcc.h **** /**
 136:Drivers/CMSIS/Include/cmsis_gcc.h ****   \brief   Disable IRQ Interrupts
 137:Drivers/CMSIS/Include/cmsis_gcc.h ****   \details Disables IRQ interrupts by setting the I-bit in the CPSR.
 138:Drivers/CMSIS/Include/cmsis_gcc.h ****            Can only be executed in Privileged modes.
 139:Drivers/CMSIS/Include/cmsis_gcc.h ****  */
 140:Drivers/CMSIS/Include/cmsis_gcc.h **** __STATIC_FORCEINLINE void __disable_irq(void)
  39              		.loc 2 140 27 view .LVU2
  40              	.LBB5:
ARM GAS  C:\Users\scien\AppData\Local\Temp\ccO5pl3a.s 			page 7


 141:Drivers/CMSIS/Include/cmsis_gcc.h **** {
 142:Drivers/CMSIS/Include/cmsis_gcc.h ****   __ASM volatile ("cpsid i" : : : "memory");
  41              		.loc 2 142 3 view .LVU3
  42              		.syntax unified
  43              	@ 142 "Drivers/CMSIS/Include/cmsis_gcc.h" 1
  44 0000 72B6     		cpsid i
  45              	@ 0 "" 2
  46              		.thumb
  47              		.syntax unified
  48              	.L2:
  49              	.LBE5:
  50              	.LBE4:
 164:Src/main.c    ****   while (1)
  51              		.loc 1 164 3 discriminator 1 view .LVU4
 165:Src/main.c    ****   {
 166:Src/main.c    ****   }
  52              		.loc 1 166 3 discriminator 1 view .LVU5
 164:Src/main.c    ****   while (1)
  53              		.loc 1 164 9 discriminator 1 view .LVU6
  54 0002 FEE7     		b	.L2
  55              		.cfi_endproc
  56              	.LFE135:
  58              		.section	.text.SystemClock_Config,"ax",%progbits
  59              		.align	1
  60              		.global	SystemClock_Config
  61              		.syntax unified
  62              		.thumb
  63              		.thumb_func
  65              	SystemClock_Config:
  66              	.LFB134:
 111:Src/main.c    ****   RCC_OscInitTypeDef RCC_OscInitStruct = {0};
  67              		.loc 1 111 1 view -0
  68              		.cfi_startproc
  69              		@ args = 0, pretend = 0, frame = 80
  70              		@ frame_needed = 0, uses_anonymous_args = 0
  71 0000 00B5     		push	{lr}
  72              	.LCFI0:
  73              		.cfi_def_cfa_offset 4
  74              		.cfi_offset 14, -4
  75 0002 95B0     		sub	sp, sp, #84
  76              	.LCFI1:
  77              		.cfi_def_cfa_offset 88
 112:Src/main.c    ****   RCC_ClkInitTypeDef RCC_ClkInitStruct = {0};
  78              		.loc 1 112 3 view .LVU8
 112:Src/main.c    ****   RCC_ClkInitTypeDef RCC_ClkInitStruct = {0};
  79              		.loc 1 112 22 is_stmt 0 view .LVU9
  80 0004 3022     		movs	r2, #48
  81 0006 0021     		movs	r1, #0
  82 0008 08A8     		add	r0, sp, #32
  83 000a FFF7FEFF 		bl	memset
  84              	.LVL0:
 113:Src/main.c    **** 
  85              		.loc 1 113 3 is_stmt 1 view .LVU10
 113:Src/main.c    **** 
  86              		.loc 1 113 22 is_stmt 0 view .LVU11
  87 000e 0023     		movs	r3, #0
  88 0010 0393     		str	r3, [sp, #12]
ARM GAS  C:\Users\scien\AppData\Local\Temp\ccO5pl3a.s 			page 8


  89 0012 0493     		str	r3, [sp, #16]
  90 0014 0593     		str	r3, [sp, #20]
  91 0016 0693     		str	r3, [sp, #24]
  92 0018 0793     		str	r3, [sp, #28]
 117:Src/main.c    ****   __HAL_PWR_VOLTAGESCALING_CONFIG(PWR_REGULATOR_VOLTAGE_SCALE2);
  93              		.loc 1 117 3 is_stmt 1 view .LVU12
  94              	.LBB6:
 117:Src/main.c    ****   __HAL_PWR_VOLTAGESCALING_CONFIG(PWR_REGULATOR_VOLTAGE_SCALE2);
  95              		.loc 1 117 3 view .LVU13
  96 001a 0193     		str	r3, [sp, #4]
 117:Src/main.c    ****   __HAL_PWR_VOLTAGESCALING_CONFIG(PWR_REGULATOR_VOLTAGE_SCALE2);
  97              		.loc 1 117 3 view .LVU14
  98 001c 204A     		ldr	r2, .L9
  99 001e 116C     		ldr	r1, [r2, #64]
 100 0020 41F08051 		orr	r1, r1, #268435456
 101 0024 1164     		str	r1, [r2, #64]
 117:Src/main.c    ****   __HAL_PWR_VOLTAGESCALING_CONFIG(PWR_REGULATOR_VOLTAGE_SCALE2);
 102              		.loc 1 117 3 view .LVU15
 103 0026 126C     		ldr	r2, [r2, #64]
 104 0028 02F08052 		and	r2, r2, #268435456
 105 002c 0192     		str	r2, [sp, #4]
 117:Src/main.c    ****   __HAL_PWR_VOLTAGESCALING_CONFIG(PWR_REGULATOR_VOLTAGE_SCALE2);
 106              		.loc 1 117 3 view .LVU16
 107 002e 019A     		ldr	r2, [sp, #4]
 108              	.LBE6:
 117:Src/main.c    ****   __HAL_PWR_VOLTAGESCALING_CONFIG(PWR_REGULATOR_VOLTAGE_SCALE2);
 109              		.loc 1 117 3 view .LVU17
 118:Src/main.c    **** 
 110              		.loc 1 118 3 view .LVU18
 111              	.LBB7:
 118:Src/main.c    **** 
 112              		.loc 1 118 3 view .LVU19
 113 0030 0293     		str	r3, [sp, #8]
 118:Src/main.c    **** 
 114              		.loc 1 118 3 view .LVU20
 115 0032 1C4A     		ldr	r2, .L9+4
 116 0034 1368     		ldr	r3, [r2]
 117 0036 23F44043 		bic	r3, r3, #49152
 118 003a 43F40043 		orr	r3, r3, #32768
 119 003e 1360     		str	r3, [r2]
 118:Src/main.c    **** 
 120              		.loc 1 118 3 view .LVU21
 121 0040 1368     		ldr	r3, [r2]
 122 0042 03F44043 		and	r3, r3, #49152
 123 0046 0293     		str	r3, [sp, #8]
 118:Src/main.c    **** 
 124              		.loc 1 118 3 view .LVU22
 125 0048 029B     		ldr	r3, [sp, #8]
 126              	.LBE7:
 118:Src/main.c    **** 
 127              		.loc 1 118 3 view .LVU23
 123:Src/main.c    ****   RCC_OscInitStruct.HSEState = RCC_HSE_ON;
 128              		.loc 1 123 3 view .LVU24
 123:Src/main.c    ****   RCC_OscInitStruct.HSEState = RCC_HSE_ON;
 129              		.loc 1 123 36 is_stmt 0 view .LVU25
 130 004a 0123     		movs	r3, #1
 131 004c 0893     		str	r3, [sp, #32]
ARM GAS  C:\Users\scien\AppData\Local\Temp\ccO5pl3a.s 			page 9


 124:Src/main.c    ****   RCC_OscInitStruct.PLL.PLLState = RCC_PLL_ON;
 132              		.loc 1 124 3 is_stmt 1 view .LVU26
 124:Src/main.c    ****   RCC_OscInitStruct.PLL.PLLState = RCC_PLL_ON;
 133              		.loc 1 124 30 is_stmt 0 view .LVU27
 134 004e 4FF48033 		mov	r3, #65536
 135 0052 0993     		str	r3, [sp, #36]
 125:Src/main.c    ****   RCC_OscInitStruct.PLL.PLLSource = RCC_PLLSOURCE_HSE;
 136              		.loc 1 125 3 is_stmt 1 view .LVU28
 125:Src/main.c    ****   RCC_OscInitStruct.PLL.PLLSource = RCC_PLLSOURCE_HSE;
 137              		.loc 1 125 34 is_stmt 0 view .LVU29
 138 0054 0223     		movs	r3, #2
 139 0056 0E93     		str	r3, [sp, #56]
 126:Src/main.c    ****   RCC_OscInitStruct.PLL.PLLM = 25;
 140              		.loc 1 126 3 is_stmt 1 view .LVU30
 126:Src/main.c    ****   RCC_OscInitStruct.PLL.PLLM = 25;
 141              		.loc 1 126 35 is_stmt 0 view .LVU31
 142 0058 4FF48002 		mov	r2, #4194304
 143 005c 0F92     		str	r2, [sp, #60]
 127:Src/main.c    ****   RCC_OscInitStruct.PLL.PLLN = 168;
 144              		.loc 1 127 3 is_stmt 1 view .LVU32
 127:Src/main.c    ****   RCC_OscInitStruct.PLL.PLLN = 168;
 145              		.loc 1 127 30 is_stmt 0 view .LVU33
 146 005e 1922     		movs	r2, #25
 147 0060 1092     		str	r2, [sp, #64]
 128:Src/main.c    ****   RCC_OscInitStruct.PLL.PLLP = RCC_PLLP_DIV2;
 148              		.loc 1 128 3 is_stmt 1 view .LVU34
 128:Src/main.c    ****   RCC_OscInitStruct.PLL.PLLP = RCC_PLLP_DIV2;
 149              		.loc 1 128 30 is_stmt 0 view .LVU35
 150 0062 A822     		movs	r2, #168
 151 0064 1192     		str	r2, [sp, #68]
 129:Src/main.c    ****   RCC_OscInitStruct.PLL.PLLQ = 4;
 152              		.loc 1 129 3 is_stmt 1 view .LVU36
 129:Src/main.c    ****   RCC_OscInitStruct.PLL.PLLQ = 4;
 153              		.loc 1 129 30 is_stmt 0 view .LVU37
 154 0066 1293     		str	r3, [sp, #72]
 130:Src/main.c    ****   if (HAL_RCC_OscConfig(&RCC_OscInitStruct) != HAL_OK)
 155              		.loc 1 130 3 is_stmt 1 view .LVU38
 130:Src/main.c    ****   if (HAL_RCC_OscConfig(&RCC_OscInitStruct) != HAL_OK)
 156              		.loc 1 130 30 is_stmt 0 view .LVU39
 157 0068 0423     		movs	r3, #4
 158 006a 1393     		str	r3, [sp, #76]
 131:Src/main.c    ****   {
 159              		.loc 1 131 3 is_stmt 1 view .LVU40
 131:Src/main.c    ****   {
 160              		.loc 1 131 7 is_stmt 0 view .LVU41
 161 006c 08A8     		add	r0, sp, #32
 162 006e FFF7FEFF 		bl	HAL_RCC_OscConfig
 163              	.LVL1:
 131:Src/main.c    ****   {
 164              		.loc 1 131 6 view .LVU42
 165 0072 80B9     		cbnz	r0, .L7
 138:Src/main.c    ****                               |RCC_CLOCKTYPE_PCLK1|RCC_CLOCKTYPE_PCLK2;
 166              		.loc 1 138 3 is_stmt 1 view .LVU43
 138:Src/main.c    ****                               |RCC_CLOCKTYPE_PCLK1|RCC_CLOCKTYPE_PCLK2;
 167              		.loc 1 138 31 is_stmt 0 view .LVU44
 168 0074 0F23     		movs	r3, #15
 169 0076 0393     		str	r3, [sp, #12]
ARM GAS  C:\Users\scien\AppData\Local\Temp\ccO5pl3a.s 			page 10


 140:Src/main.c    ****   RCC_ClkInitStruct.AHBCLKDivider = RCC_SYSCLK_DIV1;
 170              		.loc 1 140 3 is_stmt 1 view .LVU45
 140:Src/main.c    ****   RCC_ClkInitStruct.AHBCLKDivider = RCC_SYSCLK_DIV1;
 171              		.loc 1 140 34 is_stmt 0 view .LVU46
 172 0078 0221     		movs	r1, #2
 173 007a 0491     		str	r1, [sp, #16]
 141:Src/main.c    ****   RCC_ClkInitStruct.APB1CLKDivider = RCC_HCLK_DIV2;
 174              		.loc 1 141 3 is_stmt 1 view .LVU47
 141:Src/main.c    ****   RCC_ClkInitStruct.APB1CLKDivider = RCC_HCLK_DIV2;
 175              		.loc 1 141 35 is_stmt 0 view .LVU48
 176 007c 0023     		movs	r3, #0
 177 007e 0593     		str	r3, [sp, #20]
 142:Src/main.c    ****   RCC_ClkInitStruct.APB2CLKDivider = RCC_HCLK_DIV1;
 178              		.loc 1 142 3 is_stmt 1 view .LVU49
 142:Src/main.c    ****   RCC_ClkInitStruct.APB2CLKDivider = RCC_HCLK_DIV1;
 179              		.loc 1 142 36 is_stmt 0 view .LVU50
 180 0080 4FF48052 		mov	r2, #4096
 181 0084 0692     		str	r2, [sp, #24]
 143:Src/main.c    **** 
 182              		.loc 1 143 3 is_stmt 1 view .LVU51
 143:Src/main.c    **** 
 183              		.loc 1 143 36 is_stmt 0 view .LVU52
 184 0086 0793     		str	r3, [sp, #28]
 145:Src/main.c    ****   {
 185              		.loc 1 145 3 is_stmt 1 view .LVU53
 145:Src/main.c    ****   {
 186              		.loc 1 145 7 is_stmt 0 view .LVU54
 187 0088 03A8     		add	r0, sp, #12
 188 008a FFF7FEFF 		bl	HAL_RCC_ClockConfig
 189              	.LVL2:
 145:Src/main.c    ****   {
 190              		.loc 1 145 6 view .LVU55
 191 008e 20B9     		cbnz	r0, .L8
 149:Src/main.c    **** 
 192              		.loc 1 149 1 view .LVU56
 193 0090 15B0     		add	sp, sp, #84
 194              	.LCFI2:
 195              		.cfi_remember_state
 196              		.cfi_def_cfa_offset 4
 197              		@ sp needed
 198 0092 5DF804FB 		ldr	pc, [sp], #4
 199              	.L7:
 200              	.LCFI3:
 201              		.cfi_restore_state
 133:Src/main.c    ****   }
 202              		.loc 1 133 5 is_stmt 1 view .LVU57
 203 0096 FFF7FEFF 		bl	Error_Handler
 204              	.LVL3:
 205              	.L8:
 147:Src/main.c    ****   }
 206              		.loc 1 147 5 view .LVU58
 207 009a FFF7FEFF 		bl	Error_Handler
 208              	.LVL4:
 209              	.L10:
 210 009e 00BF     		.align	2
 211              	.L9:
 212 00a0 00380240 		.word	1073887232
ARM GAS  C:\Users\scien\AppData\Local\Temp\ccO5pl3a.s 			page 11


 213 00a4 00700040 		.word	1073770496
 214              		.cfi_endproc
 215              	.LFE134:
 217              		.section	.rodata.main.str1.4,"aMS",%progbits,1
 218              		.align	2
 219              	.LC0:
 220 0000 74657374 		.ascii	"test\000"
 220      00
 221              		.section	.text.main,"ax",%progbits
 222              		.align	1
 223              		.global	main
 224              		.syntax unified
 225              		.thumb
 226              		.thumb_func
 228              	main:
 229              	.LFB133:
  65:Src/main.c    ****   /* USER CODE BEGIN 1 */
 230              		.loc 1 65 1 view -0
 231              		.cfi_startproc
 232              		@ Volatile: function does not return.
 233              		@ args = 0, pretend = 0, frame = 0
 234              		@ frame_needed = 0, uses_anonymous_args = 0
 235 0000 08B5     		push	{r3, lr}
 236              	.LCFI4:
 237              		.cfi_def_cfa_offset 8
 238              		.cfi_offset 3, -8
 239              		.cfi_offset 14, -4
  73:Src/main.c    **** 
 240              		.loc 1 73 3 view .LVU60
 241 0002 FFF7FEFF 		bl	HAL_Init
 242              	.LVL5:
  80:Src/main.c    **** 
 243              		.loc 1 80 3 view .LVU61
 244 0006 FFF7FEFF 		bl	SystemClock_Config
 245              	.LVL6:
  87:Src/main.c    ****   MX_USART1_UART_Init();
 246              		.loc 1 87 3 view .LVU62
 247 000a FFF7FEFF 		bl	MX_GPIO_Init
 248              	.LVL7:
  88:Src/main.c    ****   /* USER CODE BEGIN 2 */
 249              		.loc 1 88 3 view .LVU63
 250 000e FFF7FEFF 		bl	MX_USART1_UART_Init
 251              	.LVL8:
 252              	.L12:
  95:Src/main.c    ****   {
 253              		.loc 1 95 3 discriminator 1 view .LVU64
  97:Src/main.c    ****     printf("test\n");
 254              		.loc 1 97 5 discriminator 1 view .LVU65
 255 0012 4FF47A70 		mov	r0, #1000
 256 0016 FFF7FEFF 		bl	HAL_Delay
 257              	.LVL9:
  98:Src/main.c    ****     /* USER CODE END WHILE */
 258              		.loc 1 98 5 discriminator 1 view .LVU66
 259 001a 0248     		ldr	r0, .L14
 260 001c FFF7FEFF 		bl	puts
 261              	.LVL10:
  95:Src/main.c    ****   {
ARM GAS  C:\Users\scien\AppData\Local\Temp\ccO5pl3a.s 			page 12


 262              		.loc 1 95 9 discriminator 1 view .LVU67
 263 0020 F7E7     		b	.L12
 264              	.L15:
 265 0022 00BF     		.align	2
 266              	.L14:
 267 0024 00000000 		.word	.LC0
 268              		.cfi_endproc
 269              	.LFE133:
 271              		.text
 272              	.Letext0:
 273              		.file 3 "c:\\users\\scien\\gcc-arm-none-eabi-mingw64\\arm-none-eabi\\include\\machine\\_default_ty
 274              		.file 4 "c:\\users\\scien\\gcc-arm-none-eabi-mingw64\\arm-none-eabi\\include\\sys\\_stdint.h"
 275              		.file 5 "Drivers/CMSIS/Device/ST/STM32F4xx/Include/stm32f401xc.h"
 276              		.file 6 "Drivers/STM32F4xx_HAL_Driver/Inc/stm32f4xx_hal_def.h"
 277              		.file 7 "Drivers/STM32F4xx_HAL_Driver/Inc/stm32f4xx_hal_rcc_ex.h"
 278              		.file 8 "Drivers/STM32F4xx_HAL_Driver/Inc/stm32f4xx_hal_rcc.h"
 279              		.file 9 "Inc/usart.h"
 280              		.file 10 "Inc/gpio.h"
 281              		.file 11 "<built-in>"
 282              		.file 12 "Drivers/STM32F4xx_HAL_Driver/Inc/stm32f4xx_hal.h"
ARM GAS  C:\Users\scien\AppData\Local\Temp\ccO5pl3a.s 			page 13


DEFINED SYMBOLS
                            *ABS*:00000000 main.c
C:\Users\scien\AppData\Local\Temp\ccO5pl3a.s:20     .text.Error_Handler:00000000 $t
C:\Users\scien\AppData\Local\Temp\ccO5pl3a.s:26     .text.Error_Handler:00000000 Error_Handler
C:\Users\scien\AppData\Local\Temp\ccO5pl3a.s:59     .text.SystemClock_Config:00000000 $t
C:\Users\scien\AppData\Local\Temp\ccO5pl3a.s:65     .text.SystemClock_Config:00000000 SystemClock_Config
C:\Users\scien\AppData\Local\Temp\ccO5pl3a.s:212    .text.SystemClock_Config:000000a0 $d
C:\Users\scien\AppData\Local\Temp\ccO5pl3a.s:218    .rodata.main.str1.4:00000000 $d
C:\Users\scien\AppData\Local\Temp\ccO5pl3a.s:222    .text.main:00000000 $t
C:\Users\scien\AppData\Local\Temp\ccO5pl3a.s:228    .text.main:00000000 main
C:\Users\scien\AppData\Local\Temp\ccO5pl3a.s:267    .text.main:00000024 $d

UNDEFINED SYMBOLS
memset
HAL_RCC_OscConfig
HAL_RCC_ClockConfig
HAL_Init
MX_GPIO_Init
MX_USART1_UART_Init
HAL_Delay
puts
